e:\wzm\mfc\五子棋\fir\fir\debug\fir.pch
e:\wzm\mfc\五子棋\fir\fir\debug\vc120.pdb
e:\wzm\mfc\五子棋\fir\fir\debug\vc120.idb
e:\wzm\mfc\五子棋\fir\fir\debug\stdafx.obj
e:\wzm\mfc\五子棋\fir\fir\debug\center.obj
e:\wzm\mfc\五子棋\fir\fir\debug\fir.obj
e:\wzm\mfc\五子棋\fir\fir\debug\firdoc.obj
e:\wzm\mfc\五子棋\fir\fir\debug\firview.obj
e:\wzm\mfc\五子棋\fir\fir\debug\mainfrm.obj
e:\wzm\mfc\五子棋\fir\fir\debug\managers.obj
e:\wzm\mfc\五子棋\fir\debug\fir.ilk
e:\wzm\mfc\五子棋\fir\debug\fir.exe
e:\wzm\mfc\五子棋\fir\debug\fir.pdb
e:\wzm\mfc\五子棋\fir\fir\debug\fir.res
e:\wzm\mfc\五子棋\fir\fir\debug\fir.tlog\cl.command.1.tlog
e:\wzm\mfc\五子棋\fir\fir\debug\fir.tlog\cl.read.1.tlog
e:\wzm\mfc\五子棋\fir\fir\debug\fir.tlog\cl.write.1.tlog
e:\wzm\mfc\五子棋\fir\fir\debug\fir.tlog\link.command.1.tlog
e:\wzm\mfc\五子棋\fir\fir\debug\fir.tlog\link.read.1.tlog
e:\wzm\mfc\五子棋\fir\fir\debug\fir.tlog\link.write.1.tlog
e:\wzm\mfc\五子棋\fir\fir\debug\fir.tlog\rc.command.1.tlog
e:\wzm\mfc\五子棋\fir\fir\debug\fir.tlog\rc.read.1.tlog
e:\wzm\mfc\五子棋\fir\fir\debug\fir.tlog\rc.write.1.tlog
